<?xml version="1.0" encoding="UTF-8"?>
<!-- Generated by org.testng.reporters.JUnitReportReporter -->
<testsuite hostname="Home-pc" name="com.example.tests.ContactsCreationTests" tests="2" failures="0" timestamp="6 Oct 2015 17:10:29 GMT" time="0.003" errors="2">
  <testcase name="testNonEmptyContactsCreation2" time="0.001" classname="com.example.tests.ContactsCreationTests">
    <error type="java.lang.Error" message="Unresolved compilation problems: 
	The import org.openqa cannot be resolved
	The import org.openqa cannot be resolved
	WebDriver cannot be resolved to a type
	WebDriver cannot be resolved to a type
	FirefoxDriver cannot be resolved to a type
	WebDriver cannot be resolved to a type
	WebDriver cannot be resolved to a type
	WebDriver cannot be resolved to a type
">
      <![CDATA[java.lang.Error: Unresolved compilation problems: 
	The import org.openqa cannot be resolved
	The import org.openqa cannot be resolved
	WebDriver cannot be resolved to a type
	WebDriver cannot be resolved to a type
	FirefoxDriver cannot be resolved to a type
	WebDriver cannot be resolved to a type
	WebDriver cannot be resolved to a type
	WebDriver cannot be resolved to a type

	at com.example.fw.ApplicationManager.<init>(ApplicationManager.java:5)
	at com.example.tests.TestBase.setUp(TestBase.java:14)
	at sun.reflect.NativeMethodAccessorImpl.invoke0(Native Method)
	at sun.reflect.NativeMethodAccessorImpl.invoke(NativeMethodAccessorImpl.java:57)
	at sun.reflect.DelegatingMethodAccessorImpl.invoke(DelegatingMethodAccessorImpl.java:43)
	at java.lang.reflect.Method.invoke(Method.java:606)
	at org.testng.internal.MethodInvocationHelper.invokeMethod(MethodInvocationHelper.java:85)
	at org.testng.internal.Invoker.invokeConfigurationMethod(Invoker.java:515)
	at org.testng.internal.Invoker.invokeConfigurations(Invoker.java:213)
	at org.testng.internal.Invoker.invokeConfigurations(Invoker.java:140)
	at org.testng.TestRunner.beforeRun(TestRunner.java:645)
	at org.testng.TestRunner.run(TestRunner.java:613)
	at org.testng.SuiteRunner.runTest(SuiteRunner.java:357)
	at org.testng.SuiteRunner.runSequentially(SuiteRunner.java:352)
	at org.testng.SuiteRunner.privateRun(SuiteRunner.java:310)
	at org.testng.SuiteRunner.run(SuiteRunner.java:259)
	at org.testng.SuiteRunnerWorker.runSuite(SuiteRunnerWorker.java:52)
	at org.testng.SuiteRunnerWorker.run(SuiteRunnerWorker.java:86)
	at org.testng.TestNG.runSuitesSequentially(TestNG.java:1176)
	at org.testng.TestNG.runSuitesLocally(TestNG.java:1101)
	at org.testng.TestNG.run(TestNG.java:1009)
	at org.testng.remote.RemoteTestNG.run(RemoteTestNG.java:111)
	at org.testng.remote.RemoteTestNG.initAndRun(RemoteTestNG.java:204)
	at org.testng.remote.RemoteTestNG.main(RemoteTestNG.java:175)
]]>
    </error>
  </testcase> <!-- testNonEmptyContactsCreation2 -->
  <testcase name="testNonEmptyContactsCreation" time="0.002" classname="com.example.tests.ContactsCreationTests">
    <error type="java.lang.Error" message="Unresolved compilation problems: 
	The import org.openqa cannot be resolved
	The import org.openqa cannot be resolved
	WebDriver cannot be resolved to a type
	WebDriver cannot be resolved to a type
	FirefoxDriver cannot be resolved to a type
	WebDriver cannot be resolved to a type
	WebDriver cannot be resolved to a type
	WebDriver cannot be resolved to a type
">
      <![CDATA[java.lang.Error: Unresolved compilation problems: 
	The import org.openqa cannot be resolved
	The import org.openqa cannot be resolved
	WebDriver cannot be resolved to a type
	WebDriver cannot be resolved to a type
	FirefoxDriver cannot be resolved to a type
	WebDriver cannot be resolved to a type
	WebDriver cannot be resolved to a type
	WebDriver cannot be resolved to a type

	at com.example.fw.ApplicationManager.<init>(ApplicationManager.java:5)
	at com.example.tests.TestBase.setUp(TestBase.java:14)
	at sun.reflect.NativeMethodAccessorImpl.invoke0(Native Method)
	at sun.reflect.NativeMethodAccessorImpl.invoke(NativeMethodAccessorImpl.java:57)
	at sun.reflect.DelegatingMethodAccessorImpl.invoke(DelegatingMethodAccessorImpl.java:43)
	at java.lang.reflect.Method.invoke(Method.java:606)
	at org.testng.internal.MethodInvocationHelper.invokeMethod(MethodInvocationHelper.java:85)
	at org.testng.internal.Invoker.invokeConfigurationMethod(Invoker.java:515)
	at org.testng.internal.Invoker.invokeConfigurations(Invoker.java:213)
	at org.testng.internal.Invoker.invokeConfigurations(Invoker.java:140)
	at org.testng.TestRunner.beforeRun(TestRunner.java:645)
	at org.testng.TestRunner.run(TestRunner.java:613)
	at org.testng.SuiteRunner.runTest(SuiteRunner.java:357)
	at org.testng.SuiteRunner.runSequentially(SuiteRunner.java:352)
	at org.testng.SuiteRunner.privateRun(SuiteRunner.java:310)
	at org.testng.SuiteRunner.run(SuiteRunner.java:259)
	at org.testng.SuiteRunnerWorker.runSuite(SuiteRunnerWorker.java:52)
	at org.testng.SuiteRunnerWorker.run(SuiteRunnerWorker.java:86)
	at org.testng.TestNG.runSuitesSequentially(TestNG.java:1176)
	at org.testng.TestNG.runSuitesLocally(TestNG.java:1101)
	at org.testng.TestNG.run(TestNG.java:1009)
	at org.testng.remote.RemoteTestNG.run(RemoteTestNG.java:111)
	at org.testng.remote.RemoteTestNG.initAndRun(RemoteTestNG.java:204)
	at org.testng.remote.RemoteTestNG.main(RemoteTestNG.java:175)
]]>
    </error>
  </testcase> <!-- testNonEmptyContactsCreation -->
</testsuite> <!-- com.example.tests.ContactsCreationTests -->
